#
# There is insufficient memory for the Java Runtime Environment to continue.
# Native memory allocation (mmap) failed to map 272629760 bytes for G1 virtual space
# Possible reasons:
#   The system is out of physical RAM or swap space
#   The process is running with CompressedOops enabled, and the Java Heap may be blocking the growth of the native heap
# Possible solutions:
#   Reduce memory load on the system
#   Increase physical memory or swap space
#   Check if swap backing store is full
#   Decrease Java heap size (-Xmx/-Xms)
#   Decrease number of Java threads
#   Decrease Java thread stack sizes (-Xss)
#   Set larger code cache with -XX:ReservedCodeCacheSize=
#   JVM is running with Zero Based Compressed Oops mode in which the Java heap is
#     placed in the first 32GB address space. The Java Heap base address is the
#     maximum limit for the native heap growth. Please use -XX:HeapBaseMinAddress
#     to set the Java Heap base and to place the Java Heap above 32GB virtual address.
# This output file may be truncated or incomplete.
#
#  Out of Memory Error (os_windows.cpp:3551), pid=11300, tid=5016
#
# JRE version: Java(TM) SE Runtime Environment (17.0.15+9) (build 17.0.15+9-LTS-241)
# Java VM: Java HotSpot(TM) 64-Bit Server VM (17.0.15+9-LTS-241, mixed mode, emulated-client, sharing, tiered, compressed oops, compressed class ptrs, g1 gc, windows-amd64)
# No core dump will be written. Minidumps are not enabled by default on client versions of Windows
#

---------------  S U M M A R Y ------------

Command Line: -XX:TieredStopAtLevel=1 com.pharmacy.auth_service.AuthServiceApplication

Host: 11th Gen Intel(R) Core(TM) i5-1135G7 @ 2.40GHz, 8 cores, 11G,  Windows 11 , 64 bit Build 26100 (10.0.26100.7309)
Time: Thu Dec 25 08:40:33 2025 SE Asia Standard Time elapsed time: 14.684020 seconds (0d 0h 0m 14s)

---------------  T H R E A D  ---------------

Current thread (0x000001ced083da40):  VMThread "VM Thread" [stack: 0x000000335f600000,0x000000335f700000] [id=5016]

Stack: [0x000000335f600000,0x000000335f700000]
Native frames: (J=compiled Java code, j=interpreted, Vv=VM code, C=native code)
V  [jvm.dll+0x67a46a]
V  [jvm.dll+0x7da6ad]
V  [jvm.dll+0x7dbff3]
V  [jvm.dll+0x7dc663]
V  [jvm.dll+0x24523f]
V  [jvm.dll+0x677499]
V  [jvm.dll+0x66c122]
V  [jvm.dll+0x302156]
V  [jvm.dll+0x3096f6]
V  [jvm.dll+0x35a04e]
V  [jvm.dll+0x35a27f]
V  [jvm.dll+0x2d9228]
V  [jvm.dll+0x2d765d]
V  [jvm.dll+0x2d6cac]
V  [jvm.dll+0x31a80b]
V  [jvm.dll+0x7e0f5b]
V  [jvm.dll+0x7e1c94]
V  [jvm.dll+0x7e21ad]
V  [jvm.dll+0x7e2584]
V  [jvm.dll+0x7e2650]
V  [jvm.dll+0x78b0ba]
V  [jvm.dll+0x679355]
C  [ucrtbase.dll+0x37b0]
C  [KERNEL32.DLL+0x2e8d7]
C  [ntdll.dll+0x8c53c]

VM_Operation (0x000000335f0f8980): G1CollectForAllocation, mode: safepoint, requested by thread 0x000001ceba4623c0


---------------  P R O C E S S  ---------------

Threads class SMR info:
_java_thread_list=0x000001cf1811b6d0, length=18, elements={
0x000001ceba4623c0, 0x000001ced0842190, 0x000001ced0842d40, 0x000001ced085bd50,
0x000001ced085c610, 0x000001ced085ced0, 0x000001ced085d880, 0x000001ced085e2e0,
0x000001ced0872770, 0x000001ced0aa34c0, 0x000001ced0aa7d70, 0x000001ced0d1c260,
0x000001cf170c8610, 0x000001cf170c8ae0, 0x000001cf1712e050, 0x000001cf1620d840,
0x000001cf17422060, 0x000001cf183e0110
}

Java Threads: ( => current thread )
  0x000001ceba4623c0 JavaThread "main" [_thread_blocked, id=18100, stack(0x000000335f000000,0x000000335f100000)]
  0x000001ced0842190 JavaThread "Reference Handler" daemon [_thread_blocked, id=18308, stack(0x000000335f700000,0x000000335f800000)]
  0x000001ced0842d40 JavaThread "Finalizer" daemon [_thread_blocked, id=15680, stack(0x000000335f800000,0x000000335f900000)]
  0x000001ced085bd50 JavaThread "Signal Dispatcher" daemon [_thread_blocked, id=18180, stack(0x000000335f900000,0x000000335fa00000)]
  0x000001ced085c610 JavaThread "Attach Listener" daemon [_thread_blocked, id=3408, stack(0x000000335fa00000,0x000000335fb00000)]
  0x000001ced085ced0 JavaThread "Service Thread" daemon [_thread_blocked, id=17424, stack(0x000000335fb00000,0x000000335fc00000)]
  0x000001ced085d880 JavaThread "Monitor Deflation Thread" daemon [_thread_blocked, id=8920, stack(0x000000335fc00000,0x000000335fd00000)]
  0x000001ced085e2e0 JavaThread "C1 CompilerThread0" daemon [_thread_blocked, id=23168, stack(0x000000335fd00000,0x000000335fe00000)]
  0x000001ced0872770 JavaThread "Sweeper thread" daemon [_thread_blocked, id=15844, stack(0x000000335fe00000,0x000000335ff00000)]
  0x000001ced0aa34c0 JavaThread "Notification Thread" daemon [_thread_blocked, id=9732, stack(0x000000335ff00000,0x0000003360000000)]
  0x000001ced0aa7d70 JavaThread "Common-Cleaner" daemon [_thread_blocked, id=22724, stack(0x0000003360100000,0x0000003360200000)]
  0x000001ced0d1c260 JavaThread "C1 CompilerThread1" daemon [_thread_blocked, id=20960, stack(0x0000003360200000,0x0000003360300000)]
  0x000001cf170c8610 JavaThread "Catalina-utility-1" [_thread_blocked, id=5784, stack(0x0000003360f00000,0x0000003361000000)]
  0x000001cf170c8ae0 JavaThread "Catalina-utility-2" [_thread_blocked, id=8312, stack(0x0000003361000000,0x0000003361100000)]
  0x000001cf1712e050 JavaThread "container-0" [_thread_blocked, id=18992, stack(0x0000003361100000,0x0000003361200000)]
  0x000001cf1620d840 JavaThread "mysql-cj-abandoned-connection-cleanup" daemon [_thread_blocked, id=6024, stack(0x0000003361200000,0x0000003361300000)]
  0x000001cf17422060 JavaThread "HikariPool-1:housekeeper" daemon [_thread_blocked, id=21820, stack(0x0000003361400000,0x0000003361500000)]
  0x000001cf183e0110 JavaThread "C1 CompilerThread2" daemon [_thread_blocked, id=15732, stack(0x0000003360300000,0x0000003360400000)]

Other Threads:
=>0x000001ced083da40 VMThread "VM Thread" [stack: 0x000000335f600000,0x000000335f700000] [id=5016]
  0x000001ceba4e1330 WatcherThread [stack: 0x0000003360000000,0x0000003360100000] [id=22996]
  0x000001ceba4c1ae0 GCTaskThread "GC Thread#0" [stack: 0x000000335f100000,0x000000335f200000] [id=11092]
  0x000001cf16517cf0 GCTaskThread "GC Thread#1" [stack: 0x0000003360400000,0x0000003360500000] [id=15100]
  0x000001cf16517fb0 GCTaskThread "GC Thread#2" [stack: 0x0000003360500000,0x0000003360600000] [id=8836]
  0x000001cf1653a050 GCTaskThread "GC Thread#3" [stack: 0x0000003360600000,0x0000003360700000] [id=2580]
  0x000001cf16550fa0 GCTaskThread "GC Thread#4" [stack: 0x0000003360700000,0x0000003360800000] [id=22780]
  0x000001cf16551260 GCTaskThread "GC Thread#5" [stack: 0x0000003360800000,0x0000003360900000] [id=16164]
  0x000001cf16787cf0 GCTaskThread "GC Thread#6" [stack: 0x0000003360a00000,0x0000003360b00000] [id=14228]
  0x000001cf167240f0 GCTaskThread "GC Thread#7" [stack: 0x0000003360b00000,0x0000003360c00000] [id=13116]
  0x000001ceba4cf240 ConcurrentGCThread "G1 Main Marker" [stack: 0x000000335f200000,0x000000335f300000] [id=19484]
  0x000001ceba4d0b00 ConcurrentGCThread "G1 Conc#0" [stack: 0x000000335f300000,0x000000335f400000] [id=19432]
  0x000001cf16ddf3d0 ConcurrentGCThread "G1 Conc#1" [stack: 0x0000003360900000,0x0000003360a00000] [id=23204]
  0x000001ceba511800 ConcurrentGCThread "G1 Refine#0" [stack: 0x000000335f400000,0x000000335f500000] [id=16448]
  0x000001cf16652600 ConcurrentGCThread "G1 Refine#1" [stack: 0x0000003360d00000,0x0000003360e00000] [id=4232]
  0x000001cf166528f0 ConcurrentGCThread "G1 Refine#2" [stack: 0x0000003360e00000,0x0000003360f00000] [id=21892]
  0x000001cf16651460 ConcurrentGCThread "G1 Refine#3" [stack: 0x0000003360c00000,0x0000003360d00000] [id=5324]
  0x000001ced07025d0 ConcurrentGCThread "G1 Service" [stack: 0x000000335f500000,0x000000335f600000] [id=8628]

Threads with active compile tasks:

VM state: at safepoint (normal execution)

VM Mutex/Monitor currently owned by a thread:  ([mutex/lock_event])
[0x000001ceba45e7b0] Threads_lock - owner thread: 0x000001ced083da40
[0x000001ceba45e570] Heap_lock - owner thread: 0x000001ceba4623c0

Heap address: 0x0000000744c00000, size: 2996 MB, Compressed Oops mode: Zero based, Oop shift amount: 3

CDS archive(s) mapped at: [0x000001ced1000000-0x000001ced1bd0000-0x000001ced1bd0000), size 12386304, SharedBaseAddress: 0x000001ced1000000, ArchiveRelocationMode: 1.
Compressed class space mapped at: 0x000001ced2000000-0x000001cf12000000, reserved size: 1073741824
Narrow klass base: 0x000001ced1000000, Narrow klass shift: 0, Narrow klass range: 0x100000000

GC Precious Log:
 CPUs: 8 total, 8 available
 Memory: 11982M
 Large Page Support: Disabled
 NUMA Support: Disabled
 Compressed Oops: Enabled (Zero based)
 Heap Region Size: 2M
 Heap Min Capacity: 8M
 Heap Initial Capacity: 188M
 Heap Max Capacity: 2996M
 Pre-touch: Disabled
 Parallel Workers: 8
 Concurrent Workers: 2
 Concurrent Refinement Workers: 8
 Periodic GC: Disabled

Heap:
 garbage-first heap   total 198656K, used 94214K [0x0000000744c00000, 0x0000000800000000)
  region size 2048K, 3 young (6144K), 3 survivors (6144K)
 Metaspace       used 74661K, committed 75200K, reserved 1114112K
  class space    used 11355K, committed 11584K, reserved 1048576K

Heap Regions: E=young(eden), S=young(survivor), O=old, HS=humongous(starts), HC=humongous(continues), CS=collection set, F=free, OA=open archive, CA=closed archive, TAMS=top-at-mark-start (previous, next)
|   0|0x0000000744c00000, 0x0000000744e00000, 0x0000000744e00000|100%| O|  |TAMS 0x0000000744e00000, 0x0000000744c00000| Untracked 
|   1|0x0000000744e00000, 0x0000000745000000, 0x0000000745000000|100%| O|  |TAMS 0x0000000745000000, 0x0000000744e00000| Untracked 
|   2|0x0000000745000000, 0x0000000745200000, 0x0000000745200000|100%| O|  |TAMS 0x0000000745200000, 0x0000000745000000| Untracked 
|   3|0x0000000745200000, 0x0000000745400000, 0x0000000745400000|100%| O|  |TAMS 0x0000000745400000, 0x0000000745200000| Untracked 
|   4|0x0000000745400000, 0x0000000745600000, 0x0000000745600000|100%| O|  |TAMS 0x0000000745600000, 0x0000000745400000| Untracked 
|   5|0x0000000745600000, 0x0000000745800000, 0x0000000745800000|100%| O|  |TAMS 0x0000000745800000, 0x0000000745600000| Untracked 
|   6|0x0000000745800000, 0x0000000745a00000, 0x0000000745a00000|100%| O|  |TAMS 0x0000000745a00000, 0x0000000745800000| Untracked 
|   7|0x0000000745a00000, 0x0000000745c00000, 0x0000000745c00000|100%| O|  |TAMS 0x0000000745c00000, 0x0000000745a00000| Untracked 
|   8|0x0000000745c00000, 0x0000000745e00000, 0x0000000745e00000|100%| O|  |TAMS 0x0000000745e00000, 0x0000000745c00000| Untracked 
|   9|0x0000000745e00000, 0x0000000746000000, 0x0000000746000000|100%| O|  |TAMS 0x0000000746000000, 0x0000000745e00000| Untracked 
|  10|0x0000000746000000, 0x0000000746200000, 0x0000000746200000|100%| O|  |TAMS 0x0000000746200000, 0x0000000746000000| Untracked 
|  11|0x0000000746200000, 0x0000000746400000, 0x0000000746400000|100%| O|  |TAMS 0x0000000746400000, 0x0000000746200000| Untracked 
|  12|0x0000000746400000, 0x0000000746600000, 0x0000000746600000|100%| O|  |TAMS 0x0000000746600000, 0x0000000746400000| Untracked 
|  13|0x0000000746600000, 0x0000000746800000, 0x0000000746800000|100%| O|  |TAMS 0x0000000746800000, 0x0000000746600000| Untracked 
|  14|0x0000000746800000, 0x0000000746a00000, 0x0000000746a00000|100%| O|  |TAMS 0x0000000746a00000, 0x0000000746800000| Untracked 
|  15|0x0000000746a00000, 0x0000000746c00000, 0x0000000746c00000|100%| O|  |TAMS 0x0000000746c00000, 0x0000000746a00000| Untracked 
|  16|0x0000000746c00000, 0x0000000746e00000, 0x0000000746e00000|100%| O|  |TAMS 0x0000000746e00000, 0x0000000746c00000| Untracked 
|  17|0x0000000746e00000, 0x0000000747000000, 0x0000000747000000|100%| O|  |TAMS 0x0000000747000000, 0x0000000746e00000| Untracked 
|  18|0x0000000747000000, 0x0000000747200000, 0x0000000747200000|100%| O|  |TAMS 0x0000000747200000, 0x0000000747000000| Untracked 
|  19|0x0000000747200000, 0x0000000747400000, 0x0000000747400000|100%| O|  |TAMS 0x0000000747400000, 0x0000000747200000| Untracked 
|  20|0x0000000747400000, 0x0000000747600000, 0x0000000747600000|100%| O|  |TAMS 0x0000000747600000, 0x0000000747400000| Untracked 
|  21|0x0000000747600000, 0x0000000747800000, 0x0000000747800000|100%| O|  |TAMS 0x0000000747600000, 0x0000000747600000| Untracked 
|  22|0x0000000747800000, 0x0000000747a00000, 0x0000000747a00000|100%| O|  |TAMS 0x0000000747800000, 0x0000000747800000| Untracked 
|  23|0x0000000747a00000, 0x0000000747c00000, 0x0000000747c00000|100%| O|  |TAMS 0x0000000747a00000, 0x0000000747a00000| Untracked 
|  24|0x0000000747c00000, 0x0000000747e00000, 0x0000000747e00000|100%| O|  |TAMS 0x0000000747c00000, 0x0000000747c00000| Untracked 
|  25|0x0000000747e00000, 0x0000000748000000, 0x0000000748000000|100%| O|  |TAMS 0x0000000747e00000, 0x0000000747e00000| Untracked 
|  26|0x0000000748000000, 0x0000000748200000, 0x0000000748200000|100%| O|  |TAMS 0x0000000748000000, 0x0000000748000000| Untracked 
|  27|0x0000000748200000, 0x0000000748400000, 0x0000000748400000|100%| O|  |TAMS 0x0000000748200000, 0x0000000748200000| Untracked 
|  28|0x0000000748400000, 0x0000000748600000, 0x0000000748600000|100%| O|  |TAMS 0x0000000748400000, 0x0000000748400000| Untracked 
|  29|0x0000000748600000, 0x0000000748800000, 0x0000000748800000|100%| O|  |TAMS 0x0000000748600000, 0x0000000748600000| Untracked 
|  30|0x0000000748800000, 0x0000000748a00000, 0x0000000748a00000|100%| O|  |TAMS 0x0000000748800000, 0x0000000748800000| Untracked 
|  31|0x0000000748a00000, 0x0000000748c00000, 0x0000000748c00000|100%| O|  |TAMS 0x0000000748a00000, 0x0000000748a00000| Untracked 
|  32|0x0000000748c00000, 0x0000000748e00000, 0x0000000748e00000|100%| O|  |TAMS 0x0000000748c00000, 0x0000000748c00000| Untracked 
|  33|0x0000000748e00000, 0x0000000749000000, 0x0000000749000000|100%| O|  |TAMS 0x0000000748e00000, 0x0000000748e00000| Untracked 
|  34|0x0000000749000000, 0x0000000749200000, 0x0000000749200000|100%| O|  |TAMS 0x0000000749000000, 0x0000000749000000| Untracked 
|  35|0x0000000749200000, 0x0000000749400000, 0x0000000749400000|100%| O|  |TAMS 0x0000000749200000, 0x0000000749200000| Untracked 
|  36|0x0000000749400000, 0x0000000749600000, 0x0000000749600000|100%| O|  |TAMS 0x0000000749400000, 0x0000000749400000| Untracked 
|  37|0x0000000749600000, 0x0000000749800000, 0x0000000749800000|100%| O|  |TAMS 0x0000000749600000, 0x0000000749600000| Untracked 
|  38|0x0000000749800000, 0x0000000749a00000, 0x0000000749a00000|100%| O|  |TAMS 0x0000000749800000, 0x0000000749800000| Untracked 
|  39|0x0000000749a00000, 0x0000000749c00000, 0x0000000749c00000|100%| O|  |TAMS 0x0000000749a00000, 0x0000000749a00000| Untracked 
|  40|0x0000000749c00000, 0x0000000749e00000, 0x0000000749e00000|100%| O|  |TAMS 0x0000000749c00000, 0x0000000749c00000| Untracked 
|  41|0x0000000749e00000, 0x000000074a000000, 0x000000074a000000|100%| O|  |TAMS 0x0000000749e00000, 0x0000000749e00000| Untracked 
|  42|0x000000074a000000, 0x000000074a200000, 0x000000074a200000|100%| O|  |TAMS 0x000000074a000000, 0x000000074a000000| Untracked 
|  43|0x000000074a200000, 0x000000074a343c00, 0x000000074a400000| 63%| O|  |TAMS 0x000000074a200000, 0x000000074a200000| Untracked 
|  44|0x000000074a400000, 0x000000074a400000, 0x000000074a600000|  0%| F|  |TAMS 0x000000074a400000, 0x000000074a400000| Untracked 
|  45|0x000000074a600000, 0x000000074a600000, 0x000000074a800000|  0%| F|  |TAMS 0x000000074a600000, 0x000000074a600000| Untracked 
|  46|0x000000074a800000, 0x000000074a800000, 0x000000074aa00000|  0%| F|  |TAMS 0x000000074a800000, 0x000000074a800000| Untracked 
|  47|0x000000074aa00000, 0x000000074aa00000, 0x000000074ac00000|  0%| F|  |TAMS 0x000000074aa00000, 0x000000074aa00000| Untracked 
|  48|0x000000074ac00000, 0x000000074ac00000, 0x000000074ae00000|  0%| F|  |TAMS 0x000000074ac00000, 0x000000074ac00000| Untracked 
|  49|0x000000074ae00000, 0x000000074ae00000, 0x000000074b000000|  0%| F|  |TAMS 0x000000074ae00000, 0x000000074ae00000| Untracked 
|  50|0x000000074b000000, 0x000000074b000000, 0x000000074b200000|  0%| F|  |TAMS 0x000000074b000000, 0x000000074b000000| Untracked 
|  51|0x000000074b200000, 0x000000074b200000, 0x000000074b400000|  0%| F|  |TAMS 0x000000074b200000, 0x000000074b200000| Untracked 
|  52|0x000000074b400000, 0x000000074b400000, 0x000000074b600000|  0%| F|  |TAMS 0x000000074b400000, 0x000000074b400000| Untracked 
|  53|0x000000074b600000, 0x000000074b600000, 0x000000074b800000|  0%| F|  |TAMS 0x000000074b600000, 0x000000074b600000| Untracked 
|  54|0x000000074b800000, 0x000000074b800000, 0x000000074ba00000|  0%| F|  |TAMS 0x000000074b800000, 0x000000074b800000| Untracked 
|  55|0x000000074ba00000, 0x000000074ba00000, 0x000000074bc00000|  0%| F|  |TAMS 0x000000074ba00000, 0x000000074ba00000| Untracked 
|  56|0x000000074bc00000, 0x000000074bc00000, 0x000000074be00000|  0%| F|  |TAMS 0x000000074bc00000, 0x000000074bc00000| Untracked 
|  57|0x000000074be00000, 0x000000074be00000, 0x000000074c000000|  0%| F|  |TAMS 0x000000074be00000, 0x000000074be00000| Untracked 
|  58|0x000000074c000000, 0x000000074c000000, 0x000000074c200000|  0%| F|  |TAMS 0x000000074c000000, 0x000000074c000000| Untracked 
|  59|0x000000074c200000, 0x000000074c200000, 0x000000074c400000|  0%| F|  |TAMS 0x000000074c200000, 0x000000074c200000| Untracked 
|  60|0x000000074c400000, 0x000000074c400000, 0x000000074c600000|  0%| F|  |TAMS 0x000000074c400000, 0x000000074c400000| Untracked 
|  61|0x000000074c600000, 0x000000074c600000, 0x000000074c800000|  0%| F|  |TAMS 0x000000074c600000, 0x000000074c600000| Untracked 
|  62|0x000000074c800000, 0x000000074c800000, 0x000000074ca00000|  0%| F|  |TAMS 0x000000074c800000, 0x000000074c800000| Untracked 
|  63|0x000000074ca00000, 0x000000074ca00000, 0x000000074cc00000|  0%| F|  |TAMS 0x000000074ca00000, 0x000000074ca00000| Untracked 
|  64|0x000000074cc00000, 0x000000074cc00000, 0x000000074ce00000|  0%| F|  |TAMS 0x000000074cc00000, 0x000000074cc00000| Untracked 
|  65|0x000000074ce00000, 0x000000074ce00000, 0x000000074d000000|  0%| F|  |TAMS 0x000000074ce00000, 0x000000074ce00000| Untracked 
|  66|0x000000074d000000, 0x000000074d000000, 0x000000074d200000|  0%| F|  |TAMS 0x000000074d000000, 0x000000074d000000| Untracked 
|  67|0x000000074d200000, 0x000000074d2bdd58, 0x000000074d400000| 37%| S|CS|TAMS 0x000000074d200000, 0x000000074d200000| Complete 
|  68|0x000000074d400000, 0x000000074d600000, 0x000000074d600000|100%| S|CS|TAMS 0x000000074d400000, 0x000000074d400000| Complete 
|  69|0x000000074d600000, 0x000000074d800000, 0x000000074d800000|100%| S|CS|TAMS 0x000000074d600000, 0x000000074d600000| Complete 
|  70|0x000000074d800000, 0x000000074d800000, 0x000000074da00000|  0%| F|  |TAMS 0x000000074d800000, 0x000000074d800000| Untracked 
|  71|0x000000074da00000, 0x000000074da00000, 0x000000074dc00000|  0%| F|  |TAMS 0x000000074da00000, 0x000000074da00000| Untracked 
|  72|0x000000074dc00000, 0x000000074dc00000, 0x000000074de00000|  0%| F|  |TAMS 0x000000074dc00000, 0x000000074dc00000| Untracked 
|  73|0x000000074de00000, 0x000000074de00000, 0x000000074e000000|  0%| F|  |TAMS 0x000000074de00000, 0x000000074de00000| Untracked 
|  74|0x000000074e000000, 0x000000074e000000, 0x000000074e200000|  0%| F|  |TAMS 0x000000074e000000, 0x000000074e000000| Untracked 
|  75|0x000000074e200000, 0x000000074e200000, 0x000000074e400000|  0%| F|  |TAMS 0x000000074e200000, 0x000000074e200000| Untracked 
|  76|0x000000074e400000, 0x000000074e400000, 0x000000074e600000|  0%| F|  |TAMS 0x000000074e400000, 0x000000074e400000| Untracked 
|  77|0x000000074e600000, 0x000000074e600000, 0x000000074e800000|  0%| F|  |TAMS 0x000000074e600000, 0x000000074e600000| Untracked 
|  78|0x000000074e800000, 0x000000074e800000, 0x000000074ea00000|  0%| F|  |TAMS 0x000000074e800000, 0x000000074e800000| Untracked 
|  79|0x000000074ea00000, 0x000000074ea00000, 0x000000074ec00000|  0%| F|  |TAMS 0x000000074ea00000, 0x000000074ea00000| Untracked 
|  80|0x000000074ec00000, 0x000000074ec00000, 0x000000074ee00000|  0%| F|  |TAMS 0x000000074ec00000, 0x000000074ec00000| Untracked 
|  81|0x000000074ee00000, 0x000000074ee00000, 0x000000074f000000|  0%| F|  |TAMS 0x000000074ee00000, 0x000000074ee00000| Untracked 
|  82|0x000000074f000000, 0x000000074f000000, 0x000000074f200000|  0%| F|  |TAMS 0x000000074f000000, 0x000000074f000000| Untracked 
|  83|0x000000074f200000, 0x000000074f200000, 0x000000074f400000|  0%| F|  |TAMS 0x000000074f200000, 0x000000074f200000| Untracked 
|  84|0x000000074f400000, 0x000000074f400000, 0x000000074f600000|  0%| F|  |TAMS 0x000000074f400000, 0x000000074f400000| Untracked 
|  85|0x000000074f600000, 0x000000074f600000, 0x000000074f800000|  0%| F|  |TAMS 0x000000074f600000, 0x000000074f600000| Untracked 
|  86|0x000000074f800000, 0x000000074f800000, 0x000000074fa00000|  0%| F|  |TAMS 0x000000074f800000, 0x000000074f800000| Untracked 
|  87|0x000000074fa00000, 0x000000074fa00000, 0x000000074fc00000|  0%| F|  |TAMS 0x000000074fa00000, 0x000000074fa00000| Untracked 
|  88|0x000000074fc00000, 0x000000074fc00000, 0x000000074fe00000|  0%| F|  |TAMS 0x000000074fc00000, 0x000000074fc00000| Untracked 
|  89|0x000000074fe00000, 0x000000074fe00000, 0x0000000750000000|  0%| F|  |TAMS 0x000000074fe00000, 0x000000074fe00000| Untracked 
|  90|0x0000000750000000, 0x0000000750000000, 0x0000000750200000|  0%| F|  |TAMS 0x0000000750000000, 0x0000000750000000| Untracked 
|  91|0x0000000750200000, 0x0000000750200000, 0x0000000750400000|  0%| F|  |TAMS 0x0000000750200000, 0x0000000750200000| Untracked 
|  92|0x0000000750400000, 0x0000000750400000, 0x0000000750600000|  0%| F|  |TAMS 0x0000000750400000, 0x0000000750400000| Untracked 
|  93|0x0000000750600000, 0x0000000750600000, 0x0000000750800000|  0%| F|  |TAMS 0x0000000750600000, 0x0000000750600000| Untracked 
|  94|0x0000000750800000, 0x0000000750800000, 0x0000000750a00000|  0%| F|  |TAMS 0x0000000750800000, 0x0000000750800000| Untracked 
|  95|0x0000000750a00000, 0x0000000750a00000, 0x0000000750c00000|  0%| F|  |TAMS 0x0000000750a00000, 0x0000000750a00000| Untracked 
|  96|0x0000000750c00000, 0x0000000750c00000, 0x0000000750e00000|  0%| F|  |TAMS 0x0000000750c00000, 0x0000000750c00000| Untracked 

Card table byte_map: [0x000001cec7440000,0x000001cec7a20000] _byte_map_base: 0x000001cec3a1a000

Marking Bits (Prev, Next): (CMBitMap*) 0x000001ceba4c2100, (CMBitMap*) 0x000001ceba4c2140
 Prev Bits: [0x000001cec8000000, 0x000001cecaed0000)
 Next Bits: [0x000001cecaed0000, 0x000001cecdda0000)

Polling page: 0x000001ceba520000

Metaspace:

Usage:
  Non-class:     61.82 MB used.
      Class:     11.09 MB used.
       Both:     72.91 MB used.

Virtual space:
  Non-class space:       64.00 MB reserved,      62.12 MB ( 97%) committed,  1 nodes.
      Class space:        1.00 GB reserved,      11.31 MB (  1%) committed,  1 nodes.
             Both:        1.06 GB reserved,      73.44 MB (  7%) committed. 

Chunk freelists:
   Non-Class:  1.88 MB
       Class:  4.63 MB
        Both:  6.51 MB

MaxMetaspaceSize: unlimited
CompressedClassSpaceSize: 1.00 GB
Initial GC threshold: 21.00 MB
Current GC threshold: 109.94 MB
CDS: on
MetaspaceReclaimPolicy: balanced
 - commit_granule_bytes: 65536.
 - commit_granule_words: 8192.
 - virtual_space_node_default_size: 8388608.
 - enlarge_chunks_in_place: 1.
 - new_chunks_are_fully_committed: 0.
 - uncommit_free_chunks: 1.
 - use_allocation_guard: 0.
 - handle_deallocations: 1.


Internal statistics:

num_allocs_failed_limit: 9.
num_arena_births: 800.
num_arena_deaths: 0.
num_vsnodes_births: 2.
num_vsnodes_deaths: 0.
num_space_committed: 1175.
num_space_uncommitted: 0.
num_chunks_returned_to_freelist: 9.
num_chunks_taken_from_freelist: 3541.
num_chunk_merges: 9.
num_chunk_splits: 2696.
num_chunks_enlarged: 2204.
num_inconsistent_stats: 0.

CodeCache: size=49152Kb used=11187Kb max_used=11187Kb free=37964Kb
 bounds [0x000001cec3570000, 0x000001cec4060000, 0x000001cec6570000]
 total_blobs=6236 nmethods=5577 adapters=584
 compilation: enabled
              stopped_count=0, restarted_count=0
 full_count=0

Compilation events (20 events):
Event: 14.632 Thread 0x000001cf183e0110 nmethod 5566 0x000001cec4056d90 code [0x000001cec4056f60, 0x000001cec40571f8]
Event: 14.632 Thread 0x000001ced085e2e0 5571       1       org.springframework.beans.factory.support.AbstractBeanFactory::getAliases (207 bytes)
Event: 14.632 Thread 0x000001cf183e0110 5569       1       org.springframework.core.SimpleAliasRegistry$$Lambda$671/0x000001ced239b000::accept (24 bytes)
Event: 14.632 Thread 0x000001ced0d1c260 nmethod 5567 0x000001cec4057390 code [0x000001cec4057540, 0x000001cec40577d8]
Event: 14.632 Thread 0x000001ced0d1c260 5573       1       org.springframework.web.servlet.handler.BeanNameUrlHandlerMapping::determineUrlsForHandler (91 bytes)
Event: 14.633 Thread 0x000001cf183e0110 nmethod 5569 0x000001cec4057910 code [0x000001cec4057ae0, 0x000001cec4057e98]
Event: 14.633 Thread 0x000001cf183e0110 5570       1       org.springframework.core.SimpleAliasRegistry::lambda$retrieveAliases$0 (24 bytes)
Event: 14.633 Thread 0x000001cf183e0110 nmethod 5570 0x000001cec4058090 code [0x000001cec4058260, 0x000001cec4058578]
Event: 14.633 Thread 0x000001cf183e0110 5572   !   1       org.springframework.core.SimpleAliasRegistry::getAliases (38 bytes)
Event: 14.634 Thread 0x000001ced0d1c260 nmethod 5573 0x000001cec4058710 code [0x000001cec4058960, 0x000001cec4059138]
Event: 14.634 Thread 0x000001ced0d1c260 5574       1       org.springframework.context.support.AbstractApplicationContext::getAliases (11 bytes)
Event: 14.634 Thread 0x000001ced0d1c260 nmethod 5574 0x000001cec4059690 code [0x000001cec4059820, 0x000001cec4059908]
Event: 14.634 Thread 0x000001cf183e0110 nmethod 5572 0x000001cec4059a10 code [0x000001cec4059c00, 0x000001cec405a148]
Event: 14.635 Thread 0x000001ced085e2e0 nmethod 5571 0x000001cec405a410 code [0x000001cec405a780, 0x000001cec405b7f8]
Event: 14.636 Thread 0x000001ced085e2e0 5575       1       org.springframework.core.annotation.AnnotatedElementAdapter::hashCode (8 bytes)
Event: 14.636 Thread 0x000001cf183e0110 5576       1       org.springframework.core.annotation.AnnotatedElementAdapter::getDeclaredAnnotations (5 bytes)
Event: 14.637 Thread 0x000001ced085e2e0 nmethod 5575 0x000001cec405c390 code [0x000001cec405c520, 0x000001cec405c608]
Event: 14.637 Thread 0x000001cf183e0110 nmethod 5576 0x000001cec405c690 code [0x000001cec405c840, 0x000001cec405c9c8]
Event: 14.647 Thread 0x000001cf183e0110 5577       1       org.springframework.beans.factory.support.AbstractAutowireCapableBeanFactory::getLogger (5 bytes)
Event: 14.647 Thread 0x000001cf183e0110 nmethod 5577 0x000001cec405ca90 code [0x000001cec405cc20, 0x000001cec405ccf8]

GC Heap History (20 events):
Event: 9.963 GC heap after
{Heap after GC invocations=14 (full 0):
 garbage-first heap   total 90112K, used 25692K [0x0000000744c00000, 0x0000000800000000)
  region size 2048K, 1 young (2048K), 1 survivors (2048K)
 Metaspace       used 59864K, committed 60416K, reserved 1114112K
  class space    used 8723K, committed 9024K, reserved 1048576K
}
Event: 11.232 GC heap before
{Heap before GC invocations=15 (full 0):
 garbage-first heap   total 90112K, used 68700K [0x0000000744c00000, 0x0000000800000000)
  region size 2048K, 22 young (45056K), 1 survivors (2048K)
 Metaspace       used 66913K, committed 67456K, reserved 1114112K
  class space    used 9923K, committed 10176K, reserved 1048576K
}
Event: 11.238 GC heap after
{Heap after GC invocations=16 (full 0):
 garbage-first heap   total 90112K, used 28913K [0x0000000744c00000, 0x0000000800000000)
  region size 2048K, 3 young (6144K), 3 survivors (6144K)
 Metaspace       used 66913K, committed 67456K, reserved 1114112K
  class space    used 9923K, committed 10176K, reserved 1048576K
}
Event: 11.464 GC heap before
{Heap before GC invocations=16 (full 0):
 garbage-first heap   total 90112K, used 67825K [0x0000000744c00000, 0x0000000800000000)
  region size 2048K, 22 young (45056K), 3 survivors (6144K)
 Metaspace       used 66943K, committed 67520K, reserved 1114112K
  class space    used 9927K, committed 10176K, reserved 1048576K
}
Event: 11.476 GC heap after
{Heap after GC invocations=17 (full 0):
 garbage-first heap   total 90112K, used 38652K [0x0000000744c00000, 0x0000000800000000)
  region size 2048K, 3 young (6144K), 3 survivors (6144K)
 Metaspace       used 66943K, committed 67520K, reserved 1114112K
  class space    used 9927K, committed 10176K, reserved 1048576K
}
Event: 11.647 GC heap before
{Heap before GC invocations=17 (full 0):
 garbage-first heap   total 90112K, used 65276K [0x0000000744c00000, 0x0000000800000000)
  region size 2048K, 16 young (32768K), 3 survivors (6144K)
 Metaspace       used 66943K, committed 67520K, reserved 1114112K
  class space    used 9927K, committed 10176K, reserved 1048576K
}
Event: 11.659 GC heap after
{Heap after GC invocations=18 (full 0):
 garbage-first heap   total 90112K, used 48217K [0x0000000744c00000, 0x0000000800000000)
  region size 2048K, 2 young (4096K), 2 survivors (4096K)
 Metaspace       used 66943K, committed 67520K, reserved 1114112K
  class space    used 9927K, committed 10176K, reserved 1048576K
}
Event: 11.770 GC heap before
{Heap before GC invocations=18 (full 0):
 garbage-first heap   total 90112K, used 64601K [0x0000000744c00000, 0x0000000800000000)
  region size 2048K, 10 young (20480K), 2 survivors (4096K)
 Metaspace       used 66943K, committed 67520K, reserved 1114112K
  class space    used 9927K, committed 10176K, reserved 1048576K
}
Event: 11.777 GC heap after
{Heap after GC invocations=19 (full 0):
 garbage-first heap   total 90112K, used 52864K [0x0000000744c00000, 0x0000000800000000)
  region size 2048K, 2 young (4096K), 2 survivors (4096K)
 Metaspace       used 66943K, committed 67520K, reserved 1114112K
  class space    used 9927K, committed 10176K, reserved 1048576K
}
Event: 11.875 GC heap before
{Heap before GC invocations=19 (full 0):
 garbage-first heap   total 116736K, used 67200K [0x0000000744c00000, 0x0000000800000000)
  region size 2048K, 9 young (18432K), 2 survivors (4096K)
 Metaspace       used 66949K, committed 67520K, reserved 1114112K
  class space    used 9929K, committed 10176K, reserved 1048576K
}
Event: 11.881 GC heap after
{Heap after GC invocations=20 (full 0):
 garbage-first heap   total 198656K, used 53777K [0x0000000744c00000, 0x0000000800000000)
  region size 2048K, 1 young (2048K), 1 survivors (2048K)
 Metaspace       used 66949K, committed 67520K, reserved 1114112K
  class space    used 9929K, committed 10176K, reserved 1048576K
}
Event: 12.331 GC heap before
{Heap before GC invocations=21 (full 0):
 garbage-first heap   total 198656K, used 125457K [0x0000000744c00000, 0x0000000800000000)
  region size 2048K, 36 young (73728K), 1 survivors (2048K)
 Metaspace       used 66949K, committed 67520K, reserved 1114112K
  class space    used 9929K, committed 10176K, reserved 1048576K
}
Event: 12.343 GC heap after
{Heap after GC invocations=22 (full 0):
 garbage-first heap   total 198656K, used 64996K [0x0000000744c00000, 0x0000000800000000)
  region size 2048K, 5 young (10240K), 5 survivors (10240K)
 Metaspace       used 66949K, committed 67520K, reserved 1114112K
  class space    used 9929K, committed 10176K, reserved 1048576K
}
Event: 12.348 GC heap before
{Heap before GC invocations=22 (full 0):
 garbage-first heap   total 198656K, used 67044K [0x0000000744c00000, 0x0000000800000000)
  region size 2048K, 6 young (12288K), 5 survivors (10240K)
 Metaspace       used 66949K, committed 67520K, reserved 1114112K
  class space    used 9929K, committed 10176K, reserved 1048576K
}
Event: 12.357 GC heap after
{Heap after GC invocations=23 (full 0):
 garbage-first heap   total 198656K, used 66116K [0x0000000744c00000, 0x0000000800000000)
  region size 2048K, 1 young (2048K), 1 survivors (2048K)
 Metaspace       used 66949K, committed 67520K, reserved 1114112K
  class space    used 9929K, committed 10176K, reserved 1048576K
}
Event: 12.885 GC heap before
{Heap before GC invocations=23 (full 0):
 garbage-first heap   total 198656K, used 141892K [0x0000000744c00000, 0x0000000800000000)
  region size 2048K, 38 young (77824K), 1 survivors (2048K)
 Metaspace       used 68812K, committed 69376K, reserved 1114112K
  class space    used 10363K, committed 10624K, reserved 1048576K
}
Event: 12.900 GC heap after
{Heap after GC invocations=24 (full 0):
 garbage-first heap   total 198656K, used 78690K [0x0000000744c00000, 0x0000000800000000)
  region size 2048K, 5 young (10240K), 5 survivors (10240K)
 Metaspace       used 68812K, committed 69376K, reserved 1114112K
  class space    used 10363K, committed 10624K, reserved 1048576K
}
Event: 13.211 GC heap before
{Heap before GC invocations=24 (full 0):
 garbage-first heap   total 198656K, used 140130K [0x0000000744c00000, 0x0000000800000000)
  region size 2048K, 35 young (71680K), 5 survivors (10240K)
 Metaspace       used 68816K, committed 69376K, reserved 1114112K
  class space    used 10363K, committed 10624K, reserved 1048576K
}
Event: 13.226 GC heap after
{Heap after GC invocations=25 (full 0):
 garbage-first heap   total 198656K, used 89108K [0x0000000744c00000, 0x0000000800000000)
  region size 2048K, 5 young (10240K), 5 survivors (10240K)
 Metaspace       used 68816K, committed 69376K, reserved 1114112K
  class space    used 10363K, committed 10624K, reserved 1048576K
}
Event: 14.668 GC heap before
{Heap before GC invocations=25 (full 0):
 garbage-first heap   total 198656K, used 144404K [0x0000000744c00000, 0x0000000800000000)
  region size 2048K, 32 young (65536K), 5 survivors (10240K)
 Metaspace       used 74661K, committed 75200K, reserved 1114112K
  class space    used 11355K, committed 11584K, reserved 1048576K
}

Deoptimization events (6 events):
Event: 7.617 Thread 0x000001ceba4623c0 DEOPT PACKING pc=0x000001cec3928689 sp=0x000000335f0fd780
Event: 7.617 Thread 0x000001ceba4623c0 DEOPT UNPACKING pc=0x000001cec35c66e3 sp=0x000000335f0fcc10 mode 3
Event: 7.617 Thread 0x000001cf17422060 DEOPT PACKING pc=0x000001cec392741f sp=0x00000033614fee30
Event: 7.617 Thread 0x000001cf17422060 DEOPT UNPACKING pc=0x000001cec35c66e3 sp=0x00000033614fe288 mode 3
Event: 10.541 Thread 0x000001ceba4623c0 DEOPT PACKING pc=0x000001cec3a81b5c sp=0x000000335f0fbd70
Event: 10.541 Thread 0x000001ceba4623c0 DEOPT UNPACKING pc=0x000001cec35c66e3 sp=0x000000335f0fb2a0 mode 0

Classes unloaded (0 events):
No events

Classes redefined (0 events):
No events

Internal exceptions (20 events):
Event: 9.939 Thread 0x000001ceba4623c0 Exception <a 'java/lang/NoSuchMethodError'{0x0000000749a59148}: 'java.lang.Object java.lang.invoke.DirectMethodHandle$Holder.newInvokeSpecial(java.lang.Object, java.lang.Object, java.lang.Object, java.lang.Object, java.lang.Object, java.lang.Object, java.lang.Object, java.lang.Object, java.lang.Object, java.lang.Object, java.lang.Object, java.lang.Object)'> (0x0000000749a59148) 
thrown [s\open\src\hotspot\share\interpreter\linkResolver.cpp, line 759]
Event: 9.940 Thread 0x000001ceba4623c0 Exception <a 'java/lang/NoSuchMethodError'{0x0000000749a5dbe0}: 'java.lang.Object java.lang.invoke.DirectMethodHandle$Holder.invokeSpecial(java.lang.Object, java.lang.Object, java.lang.Object, java.lang.Object, java.lang.Object, java.lang.Object, java.lang.Object, java.lang.Object, java.lang.Object, java.lang.Object, java.lang.Object, java.lang.Object, java.lang.Object)'> (0x0000000749a5dbe0) 
thrown [s\open\src\hotspot\share\interpreter\linkResolver.cpp, line 759]
Event: 9.940 Thread 0x000001ceba4623c0 Exception <a 'java/lang/NoSuchMethodError'{0x0000000749a622f8}: 'java.lang.Object java.lang.invoke.Invokers$Holder.linkToTargetMethod(java.lang.Object, java.lang.Object, java.lang.Object, java.lang.Object, java.lang.Object, java.lang.Object, java.lang.Object, java.lang.Object, java.lang.Object, java.lang.Object, java.lang.Object, java.lang.Object)'> (0x0000000749a622f8) 
thrown [s\open\src\hotspot\share\interpreter\linkResolver.cpp, line 759]
Event: 10.013 Thread 0x000001ceba4623c0 Exception <a 'java/lang/IncompatibleClassChangeError'{0x000000075076a2f0}: Found class java.lang.Object, but interface was expected> (0x000000075076a2f0) 
thrown [s\open\src\hotspot\share\interpreter\linkResolver.cpp, line 826]
Event: 10.417 Thread 0x000001ceba4623c0 Exception <a 'java/lang/IncompatibleClassChangeError'{0x00000007494a0950}: Found class java.lang.Object, but interface was expected> (0x00000007494a0950) 
thrown [s\open\src\hotspot\share\interpreter\linkResolver.cpp, line 826]
Event: 10.480 Thread 0x000001ceba4623c0 Exception <a 'java/lang/IncompatibleClassChangeError'{0x000000074925a1c0}: Found class java.lang.Object, but interface was expected> (0x000000074925a1c0) 
thrown [s\open\src\hotspot\share\interpreter\linkResolver.cpp, line 826]
Event: 10.789 Thread 0x000001ceba4623c0 Exception <a 'java/lang/reflect/InvocationTargetException'{0x0000000748bf7668}> (0x0000000748bf7668) 
thrown [s\open\src\hotspot\share\runtime\reflection.cpp, line 1121]
Event: 10.815 Thread 0x000001ceba4623c0 Exception <a 'java/lang/IncompatibleClassChangeError'{0x00000007488c2070}: Found class java.lang.Object, but interface was expected> (0x00000007488c2070) 
thrown [s\open\src\hotspot\share\interpreter\linkResolver.cpp, line 826]
Event: 10.822 Thread 0x000001ceba4623c0 Exception <a 'java/lang/reflect/InvocationTargetException'{0x00000007488e1ea8}> (0x00000007488e1ea8) 
thrown [s\open\src\hotspot\share\runtime\reflection.cpp, line 1121]
Event: 10.840 Thread 0x000001ceba4623c0 Exception <a 'java/lang/IncompatibleClassChangeError'{0x00000007489615b8}: Found class java.lang.Object, but interface was expected> (0x00000007489615b8) 
thrown [s\open\src\hotspot\share\interpreter\linkResolver.cpp, line 826]
Event: 13.604 Thread 0x000001ceba4623c0 Exception <a 'java/lang/reflect/InvocationTargetException'{0x000000074f9fdb00}> (0x000000074f9fdb00) 
thrown [s\open\src\hotspot\share\runtime\reflection.cpp, line 1121]
Event: 13.640 Thread 0x000001ceba4623c0 Exception <a 'java/lang/reflect/InvocationTargetException'{0x000000074f731d90}> (0x000000074f731d90) 
thrown [s\open\src\hotspot\share\runtime\reflection.cpp, line 1121]
Event: 13.657 Thread 0x000001ceba4623c0 Exception <a 'java/lang/reflect/InvocationTargetException'{0x000000074f445258}> (0x000000074f445258) 
thrown [s\open\src\hotspot\share\runtime\reflection.cpp, line 1121]
Event: 13.661 Thread 0x000001ceba4623c0 Exception <a 'java/lang/reflect/InvocationTargetException'{0x000000074f453a10}> (0x000000074f453a10) 
thrown [s\open\src\hotspot\share\runtime\reflection.cpp, line 1121]
Event: 13.741 Thread 0x000001ceba4623c0 Exception <a 'java/lang/NoSuchMethodError'{0x000000074f27f350}: 'int java.lang.invoke.DirectMethodHandle$Holder.invokeStaticInit(java.lang.Object, int, java.lang.Object, java.lang.Object, java.lang.Object, java.lang.Object)'> (0x000000074f27f350) 
thrown [s\open\src\hotspot\share\interpreter\linkResolver.cpp, line 759]
Event: 13.987 Thread 0x000001ceba4623c0 Exception <a 'sun/nio/fs/WindowsException'{0x000000074ed24910}> (0x000000074ed24910) 
thrown [s\open\src\hotspot\share\prims\jni.cpp, line 516]
Event: 14.009 Thread 0x000001ceba4623c0 Exception <a 'java/lang/NoSuchMethodError'{0x000000074eddf260}: 'java.lang.Object java.lang.invoke.DirectMethodHandle$Holder.invokeVirtual(java.lang.Object, java.lang.Object, java.lang.Object, int)'> (0x000000074eddf260) 
thrown [s\open\src\hotspot\share\interpreter\linkResolver.cpp, line 759]
Event: 14.433 Thread 0x000001ceba4623c0 Exception <a 'java/lang/NoSuchMethodError'{0x000000074df642c0}: 'java.lang.Object java.lang.invoke.DirectMethodHandle$Holder.invokeInterface(java.lang.Object, java.lang.Object, java.lang.Object, java.lang.Object)'> (0x000000074df642c0) 
thrown [s\open\src\hotspot\share\interpreter\linkResolver.cpp, line 759]
Event: 14.526 Thread 0x000001ceba4623c0 Exception <a 'java/lang/NoSuchMethodError'{0x000000074ddc2718}: 'java.lang.Object java.lang.invoke.DirectMethodHandle$Holder.invokeVirtual(java.lang.Object, java.lang.Object, int)'> (0x000000074ddc2718) 
thrown [s\open\src\hotspot\share\interpreter\linkResolver.cpp, line 759]
Event: 14.644 Thread 0x000001ceba4623c0 Exception <a 'java/lang/IncompatibleClassChangeError'{0x000000074d93aab0}: Found class java.lang.Object, but interface was expected> (0x000000074d93aab0) 
thrown [s\open\src\hotspot\share\interpreter\linkResolver.cpp, line 826]

VM Operations (20 events):
Event: 12.828 Executing VM operation: HandshakeAllThreads done
Event: 12.828 Executing VM operation: HandshakeAllThreads
Event: 12.828 Executing VM operation: HandshakeAllThreads done
Event: 12.885 Executing VM operation: G1CollectForAllocation
Event: 12.900 Executing VM operation: G1CollectForAllocation done
Event: 13.211 Executing VM operation: G1CollectForAllocation
Event: 13.226 Executing VM operation: G1CollectForAllocation done
Event: 13.878 Executing VM operation: HandshakeAllThreads
Event: 13.878 Executing VM operation: HandshakeAllThreads done
Event: 14.585 Executing VM operation: HandshakeAllThreads
Event: 14.585 Executing VM operation: HandshakeAllThreads done
Event: 14.585 Executing VM operation: Cleanup
Event: 14.585 Executing VM operation: Cleanup done
Event: 14.589 Executing VM operation: HandshakeAllThreads
Event: 14.589 Executing VM operation: HandshakeAllThreads done
Event: 14.590 Executing VM operation: HandshakeAllThreads
Event: 14.590 Executing VM operation: HandshakeAllThreads done
Event: 14.657 Executing VM operation: HandshakeAllThreads
Event: 14.657 Executing VM operation: HandshakeAllThreads done
Event: 14.668 Executing VM operation: G1CollectForAllocation

Events (20 events):
Event: 13.679 loading class sun/reflect/annotation/AnnotationInvocationHandler$1
Event: 13.679 loading class sun/reflect/annotation/AnnotationInvocationHandler$1 done
Event: 13.771 loading class sun/reflect/ReflectionFactory
Event: 13.771 loading class sun/reflect/ReflectionFactory done
Event: 13.771 loading class sun/reflect/ReflectionFactory$1
Event: 13.771 loading class sun/reflect/ReflectionFactory$1 done
Event: 13.771 loading class java/io/OptionalDataException
Event: 13.771 loading class java/io/OptionalDataException done
Event: 13.771 loading class jdk/internal/reflect/SerializationConstructorAccessorImpl
Event: 13.772 loading class jdk/internal/reflect/SerializationConstructorAccessorImpl done
Event: 13.800 loading class java/util/Comparators$NullComparator
Event: 13.800 loading class java/util/Comparators$NullComparator done
Event: 14.008 loading class java/util/EnumMap$EntrySet
Event: 14.008 loading class java/util/EnumMap$EntrySet done
Event: 14.008 loading class java/util/EnumMap$EntryIterator
Event: 14.008 loading class java/util/EnumMap$EnumMapIterator
Event: 14.008 loading class java/util/EnumMap$EnumMapIterator done
Event: 14.008 loading class java/util/EnumMap$EntryIterator done
Event: 14.538 loading class sun/reflect/annotation/TypeAnnotation$TypeAnnotationTargetInfo
Event: 14.538 loading class sun/reflect/annotation/TypeAnnotation$TypeAnnotationTargetInfo done


Dynamic libraries:
0x00007ff69ab70000 - 0x00007ff69ab80000 	C:\Program Files\Java\jdk-17\bin\java.exe
0x00007ffd09e20000 - 0x00007ffd0a087000 	C:\WINDOWS\SYSTEM32\ntdll.dll
0x00007ffd09270000 - 0x00007ffd09339000 	C:\WINDOWS\System32\KERNEL32.DLL
0x00007ffd070f0000 - 0x00007ffd074df000 	C:\WINDOWS\System32\KERNELBASE.dll
0x00007ffd07790000 - 0x00007ffd078db000 	C:\WINDOWS\System32\ucrtbase.dll
0x00007ffcf7d40000 - 0x00007ffcf7d5b000 	C:\Program Files\Java\jdk-17\bin\VCRUNTIME140.dll
0x00007ffcf8630000 - 0x00007ffcf8649000 	C:\Program Files\Java\jdk-17\bin\jli.dll
0x00007ffd08470000 - 0x00007ffd08524000 	C:\WINDOWS\System32\ADVAPI32.dll
0x00007ffd08fb0000 - 0x00007ffd09059000 	C:\WINDOWS\System32\msvcrt.dll
0x00007ffd08350000 - 0x00007ffd083f6000 	C:\WINDOWS\System32\sechost.dll
0x00007ffd08530000 - 0x00007ffd08648000 	C:\WINDOWS\System32\RPCRT4.dll
0x00007ffd09060000 - 0x00007ffd09225000 	C:\WINDOWS\System32\USER32.dll
0x00007ffcef8b0000 - 0x00007ffcefb43000 	C:\WINDOWS\WinSxS\amd64_microsoft.windows.common-controls_6595b64144ccf1df_6.0.26100.7309_none_3e05feeae336a044\COMCTL32.dll
0x00007ffd07990000 - 0x00007ffd079b7000 	C:\WINDOWS\System32\win32u.dll
0x00007ffd080d0000 - 0x00007ffd080fb000 	C:\WINDOWS\System32\GDI32.dll
0x00007ffd074f0000 - 0x00007ffd0761c000 	C:\WINDOWS\System32\gdi32full.dll
0x00007ffd079c0000 - 0x00007ffd07a63000 	C:\WINDOWS\System32\msvcp_win.dll
0x00007ffcf9a20000 - 0x00007ffcf9a2b000 	C:\WINDOWS\SYSTEM32\VERSION.dll
0x00007ffd09340000 - 0x00007ffd09371000 	C:\WINDOWS\System32\IMM32.DLL
0x00007ffcf9640000 - 0x00007ffcf964c000 	C:\Program Files\Java\jdk-17\bin\vcruntime140_1.dll
0x00007ffce50f0000 - 0x00007ffce517e000 	C:\Program Files\Java\jdk-17\bin\msvcp140.dll
0x00007ffc9a100000 - 0x00007ffc9ace1000 	C:\Program Files\Java\jdk-17\bin\server\jvm.dll
0x00007ffd07f50000 - 0x00007ffd07f58000 	C:\WINDOWS\System32\PSAPI.DLL
0x00007ffcfeac0000 - 0x00007ffcfeaf5000 	C:\WINDOWS\SYSTEM32\WINMM.dll
0x00007ffcf7d30000 - 0x00007ffcf7d3a000 	C:\WINDOWS\SYSTEM32\WSOCK32.dll
0x00007ffd08eb0000 - 0x00007ffd08f24000 	C:\WINDOWS\System32\WS2_32.dll
0x00007ffd05d20000 - 0x00007ffd05d3b000 	C:\WINDOWS\SYSTEM32\kernel.appcore.dll
0x00007ffcf9370000 - 0x00007ffcf937a000 	C:\Program Files\Java\jdk-17\bin\jimage.dll
0x00007ffd03e10000 - 0x00007ffd04052000 	C:\WINDOWS\SYSTEM32\DBGHELP.DLL
0x00007ffd07bc0000 - 0x00007ffd07f45000 	C:\WINDOWS\System32\combase.dll
0x00007ffd08270000 - 0x00007ffd08346000 	C:\WINDOWS\System32\OLEAUT32.dll
0x00007ffce71f0000 - 0x00007ffce722c000 	C:\WINDOWS\SYSTEM32\dbgcore.DLL
0x00007ffd078e0000 - 0x00007ffd07985000 	C:\WINDOWS\System32\bcryptPrimitives.dll
0x00007ffcee280000 - 0x00007ffcee2a5000 	C:\Program Files\Java\jdk-17\bin\java.dll
0x00007ffcc8060000 - 0x00007ffcc8137000 	C:\Program Files\Java\jdk-17\bin\jsvml.dll
0x00007ffd086c0000 - 0x00007ffd08e13000 	C:\WINDOWS\System32\SHELL32.dll
0x00007ffd07620000 - 0x00007ffd0778a000 	C:\WINDOWS\System32\wintypes.dll
0x00007ffd04b40000 - 0x00007ffd0539e000 	C:\WINDOWS\SYSTEM32\windows.storage.dll
0x00007ffd099c0000 - 0x00007ffd09ab5000 	C:\WINDOWS\System32\SHCORE.dll
0x00007ffd08400000 - 0x00007ffd08466000 	C:\WINDOWS\System32\shlwapi.dll
0x00007ffd06e90000 - 0x00007ffd06eb9000 	C:\WINDOWS\SYSTEM32\profapi.dll
0x00007ffcf3420000 - 0x00007ffcf3439000 	C:\Program Files\Java\jdk-17\bin\net.dll
0x00007ffcfe300000 - 0x00007ffcfe428000 	C:\WINDOWS\SYSTEM32\WINHTTP.dll
0x00007ffd06290000 - 0x00007ffd062fb000 	C:\WINDOWS\system32\mswsock.dll
0x00007ffcf1830000 - 0x00007ffcf1846000 	C:\Program Files\Java\jdk-17\bin\nio.dll
0x00007ffceede0000 - 0x00007ffceedf8000 	C:\Program Files\Java\jdk-17\bin\zip.dll
0x00007ffcf8620000 - 0x00007ffcf862e000 	C:\Program Files\Java\jdk-17\bin\sunmscapi.dll
0x00007ffd06f70000 - 0x00007ffd070e7000 	C:\WINDOWS\System32\CRYPT32.dll
0x00007ffd06770000 - 0x00007ffd067a0000 	C:\WINDOWS\SYSTEM32\ncrypt.dll
0x00007ffd06720000 - 0x00007ffd0675f000 	C:\WINDOWS\SYSTEM32\NTASN1.dll
0x00007ffd06560000 - 0x00007ffd0657b000 	C:\WINDOWS\SYSTEM32\CRYPTSP.dll
0x00007ffd05c80000 - 0x00007ffd05cba000 	C:\WINDOWS\system32\rsaenh.dll
0x00007ffd06340000 - 0x00007ffd0636b000 	C:\WINDOWS\SYSTEM32\USERENV.dll
0x00007ffd06e60000 - 0x00007ffd06e8a000 	C:\WINDOWS\SYSTEM32\bcrypt.dll
0x00007ffd06550000 - 0x00007ffd0655c000 	C:\WINDOWS\SYSTEM32\CRYPTBASE.dll
0x00007ffd05790000 - 0x00007ffd057c4000 	C:\WINDOWS\SYSTEM32\IPHLPAPI.DLL
0x00007ffd086b0000 - 0x00007ffd086ba000 	C:\WINDOWS\System32\NSI.dll
0x00007ffd01400000 - 0x00007ffd0141e000 	C:\WINDOWS\SYSTEM32\dhcpcsvc6.DLL
0x00007ffd013c0000 - 0x00007ffd013e3000 	C:\WINDOWS\SYSTEM32\dhcpcsvc.DLL
0x00007ffd05870000 - 0x00007ffd0599c000 	C:\WINDOWS\SYSTEM32\DNSAPI.dll
0x00007ffcf9250000 - 0x00007ffcf925a000 	C:\Program Files\Java\jdk-17\bin\management.dll
0x00007ffcf9240000 - 0x00007ffcf924b000 	C:\Program Files\Java\jdk-17\bin\management_ext.dll
0x00007ffcf9d70000 - 0x00007ffcf9d7b000 	C:\Windows\System32\rasadhlp.dll
0x00007ffd01690000 - 0x00007ffd01716000 	C:\WINDOWS\System32\fwpuclnt.dll

dbghelp: loaded successfully - version: 4.0.5 - missing functions: none
symbol engine: initialized successfully - sym options: 0x614 - pdb path: .;C:\Program Files\Java\jdk-17\bin;C:\WINDOWS\SYSTEM32;C:\WINDOWS\WinSxS\amd64_microsoft.windows.common-controls_6595b64144ccf1df_6.0.26100.7309_none_3e05feeae336a044;C:\Program Files\Java\jdk-17\bin\server

VM Arguments:
jvm_args: -XX:TieredStopAtLevel=1 
java_command: com.pharmacy.auth_service.AuthServiceApplication
java_class_path (initial): C:\Users\phamh\OneDrive\Desktop\pharmacy-soa\auth-service\target\classes;C:\Users\phamh\.m2\repository\ch\qos\logback\logback-classic\1.5.22\logback-classic-1.5.22.jar;C:\Users\phamh\.m2\repository\ch\qos\logback\logback-core\1.5.22\logback-core-1.5.22.jar;C:\Users\phamh\.m2\repository\org\apache\logging\log4j\log4j-to-slf4j\2.25.3\log4j-to-slf4j-2.25.3.jar;C:\Users\phamh\.m2\repository\org\apache\logging\log4j\log4j-api\2.25.3\log4j-api-2.25.3.jar;C:\Users\phamh\.m2\repository\org\slf4j\jul-to-slf4j\2.0.17\jul-to-slf4j-2.0.17.jar;C:\Users\phamh\.m2\repository\org\springframework\boot\spring-boot-autoconfigure\4.0.1\spring-boot-autoconfigure-4.0.1.jar;C:\Users\phamh\.m2\repository\jakarta\annotation\jakarta.annotation-api\3.0.0\jakarta.annotation-api-3.0.0.jar;C:\Users\phamh\.m2\repository\org\yaml\snakeyaml\2.5\snakeyaml-2.5.jar;C:\Users\phamh\.m2\repository\com\zaxxer\HikariCP\7.0.2\HikariCP-7.0.2.jar;C:\Users\phamh\.m2\repository\org\slf4j\slf4j-api\2.0.17\slf4j-api-2.0.17.jar;C:\Users\phamh\.m2\repository\org\springframework\boot\spring-boot-data-jpa\4.0.1\spring-boot-data-jpa-4.0.1.jar;C:\Users\phamh\.m2\repository\org\springframework\boot\spring-boot-data-commons\4.0.1\spring-boot-data-commons-4.0.1.jar;C:\Users\phamh\.m2\repository\org\springframework\boot\spring-boot-persistence\4.0.1\spring-boot-persistence-4.0.1.jar;C:\Users\phamh\.m2\repository\org\springframework\data\spring-data-commons\4.0.1\spring-data-commons-4.0.1.jar;C:\Users\phamh\.m2\repository\org\springframework\boot\spring-boot-hibernate\4.0.1\spring-boot-hibernate-4.0.1.jar;C:\Users\phamh\.m2\repository\org\springframework\boot\spring-boot-jpa\4.0.1\spring-boot-jpa-4.0.1.jar;C:\Users\phamh\.m2\repository\jakarta\persistence\jakarta.persistence-api\3.2.0\jakarta.persistence-api-3.2.0.jar;C:\Users\phamh\.m2\repository\org\hibernate\orm\hibernate-core\7.2.0.Final\hibernate-core-7.2.0.Final.jar;C:\Users\phamh\.m2\repository\jakarta\transaction\jakarta.transaction-api\
Launcher Type: SUN_STANDARD

[Global flags]
     intx CICompilerCount                          = 4                                         {product} {ergonomic}
     uint ConcGCThreads                            = 2                                         {product} {ergonomic}
     uint G1ConcRefinementThreads                  = 8                                         {product} {ergonomic}
   size_t G1HeapRegionSize                         = 2097152                                   {product} {ergonomic}
    uintx GCDrainStackTargetSize                   = 64                                        {product} {ergonomic}
   size_t InitialHeapSize                          = 197132288                                 {product} {ergonomic}
   size_t MarkStackSize                            = 4194304                                   {product} {ergonomic}
   size_t MaxHeapSize                              = 3141533696                                {product} {ergonomic}
   size_t MaxNewSize                               = 1883242496                                {product} {ergonomic}
   size_t MinHeapDeltaBytes                        = 2097152                                   {product} {ergonomic}
   size_t MinHeapSize                              = 8388608                                   {product} {ergonomic}
    uintx NonProfiledCodeHeapSize                  = 0                                      {pd product} {ergonomic}
     bool ProfileInterpreter                       = false                                  {pd product} {command line}
    uintx ProfiledCodeHeapSize                     = 0                                      {pd product} {ergonomic}
   size_t SoftMaxHeapSize                          = 3141533696                             {manageable} {ergonomic}
     intx TieredStopAtLevel                        = 1                                         {product} {command line}
     bool UseCompressedClassPointers               = true                           {product lp64_product} {ergonomic}
     bool UseCompressedOops                        = true                           {product lp64_product} {ergonomic}
     bool UseG1GC                                  = true                                      {product} {ergonomic}
     bool UseLargePagesIndividualAllocation        = false                                  {pd product} {ergonomic}

Logging:
Log output configuration:
 #0: stdout all=warning uptime,level,tags
 #1: stderr all=off uptime,level,tags

Environment Variables:
JAVA_HOME=C:\Program Files\Java\jdk-17
PATH=C:\WINDOWS\system32;C:\WINDOWS;C:\WINDOWS\System32\Wbem;C:\WINDOWS\System32\WindowsPowerShell\v1.0\;C:\WINDOWS\System32\OpenSSH\;C:\Program Files (x86)\Microsoft SQL Server\160\Tools\Binn\;C:\Program Files\Microsoft SQL Server\160\Tools\Binn\;C:\Program Files\Microsoft SQL Server\Client SDK\ODBC\170\Tools\Binn\;C:\Program Files\Microsoft SQL Server\160\DTS\Binn\;C:\Program Files (x86)\Microsoft SQL Server\160\DTS\Binn\;C:\Program Files\Java\jdk-17\bin;C:\MinGW\bin;C:\Program Files\dotnet\;C:\Program Files\Git\cmd;C:\Program Files\Microsoft SQL Server\150\Tools\Binn\;C:\Program Files\Cloudflare\Cloudflare WARP\;C:\Users\phamh\AppData\Local\nvm;C:\nvm4w\nodejs;C:\Android\emulator;C:\Android\cmdline-tools\latest\bin;C:\Android\platform-tools;D:\apache-maven-3.9.11\bin;C:\Program Files\Kotlin\bin;d:\Trae\bin;C:\Users\phamh\AppData\Local\Microsoft\WindowsApps;C:\Program Files\Azure Data Studio\bin;C:\Users\phamh\AppData\Local\Programs\Microsoft VS Code\bin;C:\Users\phamh\.dotnet\tools;D:\IntelliJ IDEA 2024.3.5\bin;D:\IntelliJ IDEA Community Edition 2024.3.5\bin;C:\Users\phamh\AppData\Local\nvm;C:\nvm4w\nodejs;C:\Users\phamh\Downloads\MyfansDownloader-main\MyfansDownloader-main\ffmpeg\ffmpeg-7.1.1-full_build\bin;C:\Users\phamh\AppData\Local\Microsoft\WindowsApps;C:\flutter_windows_3.35.3-stable\flutter\bin;
USERNAME=phamh
OS=Windows_NT
PROCESSOR_IDENTIFIER=Intel64 Family 6 Model 140 Stepping 1, GenuineIntel



---------------  S Y S T E M  ---------------

OS:
 Windows 11 , 64 bit Build 26100 (10.0.26100.7309)
OS uptime: 0 days 18:09 hours
Hyper-V role detected

CPU: total 8 (initial active 8) (4 cores per cpu, 2 threads per core) family 6 model 140 stepping 1 microcode 0x86, cx8, cmov, fxsr, ht, mmx, 3dnowpref, sse, sse2, sse3, ssse3, sse4.1, sse4.2, popcnt, lzcnt, tsc, tscinvbit, avx, avx2, aes, erms, clmul, bmi1, bmi2, adx, avx512f, avx512dq, avx512cd, avx512bw, avx512vl, sha, fma, vzeroupper, avx512_vpopcntdq, avx512_vpclmulqdq, avx512_vaes, avx512_vnni, clflush, clflushopt, clwb, avx512_vbmi2, avx512_vbmi, hv

Memory: 4k page, system-wide physical 11982M (3922M free)
TotalPageFile size 24217M (AvailPageFile size 417M)
current process WorkingSet (physical memory assigned to process): 337M, peak: 337M
current process commit charge ("private bytes"): 396M, peak: 656M

vm_info: Java HotSpot(TM) 64-Bit Server VM (17.0.15+9-LTS-241) for windows-amd64 JRE (17.0.15+9-LTS-241), built on Feb 20 2025 10:49:54 by "mach5one" with MS VC++ 17.6 (VS2022)

END.
