#
# There is insufficient memory for the Java Runtime Environment to continue.
# Native memory allocation (mmap) failed to map 197132288 bytes. Error detail: G1 virtual space
# Possible reasons:
#   The system is out of physical RAM or swap space
#   This process is running with CompressedOops enabled, and the Java Heap may be blocking the growth of the native heap
# Possible solutions:
#   Reduce memory load on the system
#   Increase physical memory or swap space
#   Check if swap backing store is full
#   Decrease Java heap size (-Xmx/-Xms)
#   Decrease number of Java threads
#   Decrease Java thread stack sizes (-Xss)
#   Set larger code cache with -XX:ReservedCodeCacheSize=
#   JVM is running with Zero Based Compressed Oops mode in which the Java heap is
#     placed in the first 32GB address space. The Java Heap base address is the
#     maximum limit for the native heap growth. Please use -XX:HeapBaseMinAddress
#     to set the Java Heap base and to place the Java Heap above 32GB virtual address.
# This output file may be truncated or incomplete.
#
#  Out of Memory Error (os_windows.cpp:3618), pid=11064, tid=21184
#
# JRE version:  (17.0.14+7) (build )
# Java VM: OpenJDK 64-Bit Server VM (17.0.14+7-LTS, mixed mode, emulated-client, sharing, tiered, compressed oops, compressed class ptrs, g1 gc, windows-amd64)
# No core dump will be written. Minidumps are not enabled by default on client versions of Windows
#

---------------  S U M M A R Y ------------

Command Line: -XX:TieredStopAtLevel=1 -Dspring.output.ansi.enabled=always -Dcom.sun.management.jmxremote -Dspring.jmx.enabled=true -Dspring.liveBeansView.mbeanDomain -Dspring.application.admin.enabled=true -Dmanagement.endpoints.jmx.exposure.include=* -javaagent:D:\IntelliJ IDEA 2025.2.1\lib\idea_rt.jar=63836 -Dfile.encoding=UTF-8 com.pharmacy.purchase_service.PurchaseServiceApplication

Host: 11th Gen Intel(R) Core(TM) i5-1135G7 @ 2.40GHz, 8 cores, 11G,  Windows 11 , 64 bit Build 26100 (10.0.26100.7309)
Time: Wed Dec 24 21:33:13 2025 SE Asia Standard Time elapsed time: 1.052410 seconds (0d 0h 0m 1s)

---------------  T H R E A D  ---------------

Current thread (0x0000025f3f8475b0):  JavaThread "Unknown thread" [_thread_in_vm, id=21184, stack(0x000000b2d9600000,0x000000b2d9700000)]

Stack: [0x000000b2d9600000,0x000000b2d9700000]
Native frames: (J=compiled Java code, j=interpreted, Vv=VM code, C=native code)
V  [jvm.dll+0x681069]
V  [jvm.dll+0x838cca]
V  [jvm.dll+0x83a78e]
V  [jvm.dll+0x83adf3]
V  [jvm.dll+0x24826f]
V  [jvm.dll+0x67dd99]
V  [jvm.dll+0x67286a]
V  [jvm.dll+0x30826b]
V  [jvm.dll+0x30f756]
V  [jvm.dll+0x35face]
V  [jvm.dll+0x35fd0f]
V  [jvm.dll+0x2df21c]
V  [jvm.dll+0x2e0174]
V  [jvm.dll+0x80a48b]
V  [jvm.dll+0x36d841]
V  [jvm.dll+0x7e8db5]
V  [jvm.dll+0x3f154f]
V  [jvm.dll+0x3f30c1]
C  [jli.dll+0x52ab]
C  [ucrtbase.dll+0x37b0]
C  [KERNEL32.DLL+0x2e8d7]
C  [ntdll.dll+0x8c53c]


---------------  P R O C E S S  ---------------

Threads class SMR info:
_java_thread_list=0x00007ffc9fad8f18, length=0, elements={
}

Java Threads: ( => current thread )

Other Threads:
  0x0000025f3f89ed40 GCTaskThread "GC Thread#0" [stack: 0x000000b2d9700000,0x000000b2d9800000] [id=17300]
  0x0000025f3f8ab840 ConcurrentGCThread "G1 Main Marker" [stack: 0x000000b2d9800000,0x000000b2d9900000] [id=17860]
  0x0000025f3f8adb90 ConcurrentGCThread "G1 Conc#0" [stack: 0x000000b2d9900000,0x000000b2d9a00000] [id=20820]

[error occurred during error reporting (printing all threads), id 0xc0000005, EXCEPTION_ACCESS_VIOLATION (0xc0000005) at pc=0x00007ffc9f28f957]

VM state: not at safepoint (not fully initialized)

VM Mutex/Monitor currently owned by a thread:  ([mutex/lock_event])
[0x0000025f3f8427e0] Heap_lock - owner thread: 0x0000025f3f8475b0

Heap address: 0x0000000744c00000, size: 2996 MB, Compressed Oops mode: Zero based, Oop shift amount: 3

CDS archive(s) mapped at: [0x0000000000000000-0x0000000000000000-0x0000000000000000), size 0, SharedBaseAddress: 0x0000000800000000, ArchiveRelocationMode: 1.
Narrow klass base: 0x0000000000000000, Narrow klass shift: 0, Narrow klass range: 0x0

GC Precious Log:
<Empty>

Heap:
 garbage-first heap   total 0K, used 0K [0x0000000744c00000, 0x0000000800000000)
  region size 2048K, 0 young (0K), 0 survivors (0K)

[error occurred during error reporting (printing heap information), id 0xc0000005, EXCEPTION_ACCESS_VIOLATION (0xc0000005) at pc=0x00007ffc9f67a2b9]

GC Heap History (0 events):
No events

Dll operation events (1 events):
Event: 0.013 Loaded shared library C:\Users\phamh\.jdks\corretto-17.0.14\bin\java.dll

Deoptimization events (0 events):
No events

Classes loaded (0 events):
No events

Classes unloaded (0 events):
No events

Classes redefined (0 events):
No events

Internal exceptions (0 events):
No events

VM Operations (0 events):
No events

Memory protections (0 events):
No events

Nmethod flushes (0 events):
No events

Events (0 events):
No events


Dynamic libraries:
0x00007ff7a0590000 - 0x00007ff7a059e000 	C:\Users\phamh\.jdks\corretto-17.0.14\bin\java.exe
0x00007ffd09e20000 - 0x00007ffd0a087000 	C:\WINDOWS\SYSTEM32\ntdll.dll
0x00007ffd09270000 - 0x00007ffd09339000 	C:\WINDOWS\System32\KERNEL32.DLL
0x00007ffd070f0000 - 0x00007ffd074df000 	C:\WINDOWS\System32\KERNELBASE.dll
0x00007ffd07790000 - 0x00007ffd078db000 	C:\WINDOWS\System32\ucrtbase.dll
0x00007ffcf92b0000 - 0x00007ffcf92cb000 	C:\Users\phamh\.jdks\corretto-17.0.14\bin\VCRUNTIME140.dll
0x00007ffd018b0000 - 0x00007ffd018c7000 	C:\Users\phamh\.jdks\corretto-17.0.14\bin\jli.dll
0x00007ffd09060000 - 0x00007ffd09225000 	C:\WINDOWS\System32\USER32.dll
0x00007ffd07990000 - 0x00007ffd079b7000 	C:\WINDOWS\System32\win32u.dll
0x00007ffcef8b0000 - 0x00007ffcefb43000 	C:\WINDOWS\WinSxS\amd64_microsoft.windows.common-controls_6595b64144ccf1df_6.0.26100.7309_none_3e05feeae336a044\COMCTL32.dll
0x00007ffd080d0000 - 0x00007ffd080fb000 	C:\WINDOWS\System32\GDI32.dll
0x00007ffd08fb0000 - 0x00007ffd09059000 	C:\WINDOWS\System32\msvcrt.dll
0x00007ffd074f0000 - 0x00007ffd0761c000 	C:\WINDOWS\System32\gdi32full.dll
0x00007ffd079c0000 - 0x00007ffd07a63000 	C:\WINDOWS\System32\msvcp_win.dll
0x00007ffd09340000 - 0x00007ffd09371000 	C:\WINDOWS\System32\IMM32.DLL
0x00007ffd032f0000 - 0x00007ffd032fc000 	C:\Users\phamh\.jdks\corretto-17.0.14\bin\vcruntime140_1.dll
0x00007ffcecfd0000 - 0x00007ffced05d000 	C:\Users\phamh\.jdks\corretto-17.0.14\bin\msvcp140.dll
0x00007ffc9efa0000 - 0x00007ffc9fc0c000 	C:\Users\phamh\.jdks\corretto-17.0.14\bin\server\jvm.dll
0x00007ffd08470000 - 0x00007ffd08524000 	C:\WINDOWS\System32\ADVAPI32.dll
0x00007ffd08350000 - 0x00007ffd083f6000 	C:\WINDOWS\System32\sechost.dll
0x00007ffd08530000 - 0x00007ffd08648000 	C:\WINDOWS\System32\RPCRT4.dll
0x00007ffd08eb0000 - 0x00007ffd08f24000 	C:\WINDOWS\System32\WS2_32.dll
0x00007ffd06dd0000 - 0x00007ffd06e2e000 	C:\WINDOWS\SYSTEM32\POWRPROF.dll
0x00007ffcfeac0000 - 0x00007ffcfeaf5000 	C:\WINDOWS\SYSTEM32\WINMM.dll
0x00007ffcf9a20000 - 0x00007ffcf9a2b000 	C:\WINDOWS\SYSTEM32\VERSION.dll
0x00007ffd06db0000 - 0x00007ffd06dc4000 	C:\WINDOWS\SYSTEM32\UMPDC.dll
0x00007ffd05d20000 - 0x00007ffd05d3b000 	C:\WINDOWS\SYSTEM32\kernel.appcore.dll
0x00007ffcf9210000 - 0x00007ffcf921a000 	C:\Users\phamh\.jdks\corretto-17.0.14\bin\jimage.dll
0x00007ffd03e10000 - 0x00007ffd04052000 	C:\WINDOWS\SYSTEM32\DBGHELP.DLL
0x00007ffd07bc0000 - 0x00007ffd07f45000 	C:\WINDOWS\System32\combase.dll
0x00007ffd08270000 - 0x00007ffd08346000 	C:\WINDOWS\System32\OLEAUT32.dll
0x00007ffce71f0000 - 0x00007ffce722c000 	C:\WINDOWS\SYSTEM32\dbgcore.DLL
0x00007ffd078e0000 - 0x00007ffd07985000 	C:\WINDOWS\System32\bcryptPrimitives.dll
0x00007ffcf9200000 - 0x00007ffcf920e000 	C:\Users\phamh\.jdks\corretto-17.0.14\bin\instrument.dll
0x00007ffcf7980000 - 0x00007ffcf79a5000 	C:\Users\phamh\.jdks\corretto-17.0.14\bin\java.dll

dbghelp: loaded successfully - version: 4.0.5 - missing functions: none
symbol engine: initialized successfully - sym options: 0x614 - pdb path: .;C:\Users\phamh\.jdks\corretto-17.0.14\bin;C:\WINDOWS\SYSTEM32;C:\WINDOWS\WinSxS\amd64_microsoft.windows.common-controls_6595b64144ccf1df_6.0.26100.7309_none_3e05feeae336a044;C:\Users\phamh\.jdks\corretto-17.0.14\bin\server

VM Arguments:
jvm_args: -XX:TieredStopAtLevel=1 -Dspring.output.ansi.enabled=always -Dcom.sun.management.jmxremote -Dspring.jmx.enabled=true -Dspring.liveBeansView.mbeanDomain -Dspring.application.admin.enabled=true -Dmanagement.endpoints.jmx.exposure.include=* -javaagent:D:\IntelliJ IDEA 2025.2.1\lib\idea_rt.jar=63836 -Dfile.encoding=UTF-8 
java_command: com.pharmacy.purchase_service.PurchaseServiceApplication
java_class_path (initial): C:\Users\phamh\OneDrive\Desktop\pharmacy-soa\purchase-service\target\classes;C:\Users\phamh\.m2\repository\com\fasterxml\jackson\core\jackson-databind\2.20.1\jackson-databind-2.20.1.jar;C:\Users\phamh\.m2\repository\com\fasterxml\jackson\core\jackson-annotations\2.20\jackson-annotations-2.20.jar;C:\Users\phamh\.m2\repository\com\fasterxml\jackson\core\jackson-core\2.20.1\jackson-core-2.20.1.jar;C:\Users\phamh\.m2\repository\org\springframework\boot\spring-boot-starter-data-jpa\4.0.1\spring-boot-starter-data-jpa-4.0.1.jar;C:\Users\phamh\.m2\repository\org\springframework\boot\spring-boot-starter\4.0.1\spring-boot-starter-4.0.1.jar;C:\Users\phamh\.m2\repository\org\springframework\boot\spring-boot-starter-logging\4.0.1\spring-boot-starter-logging-4.0.1.jar;C:\Users\phamh\.m2\repository\ch\qos\logback\logback-classic\1.5.22\logback-classic-1.5.22.jar;C:\Users\phamh\.m2\repository\ch\qos\logback\logback-core\1.5.22\logback-core-1.5.22.jar;C:\Users\phamh\.m2\repository\org\apache\logging\log4j\log4j-to-slf4j\2.25.3\log4j-to-slf4j-2.25.3.jar;C:\Users\phamh\.m2\repository\org\apache\logging\log4j\log4j-api\2.25.3\log4j-api-2.25.3.jar;C:\Users\phamh\.m2\repository\org\slf4j\jul-to-slf4j\2.0.17\jul-to-slf4j-2.0.17.jar;C:\Users\phamh\.m2\repository\org\springframework\boot\spring-boot-autoconfigure\4.0.1\spring-boot-autoconfigure-4.0.1.jar;C:\Users\phamh\.m2\repository\jakarta\annotation\jakarta.annotation-api\3.0.0\jakarta.annotation-api-3.0.0.jar;C:\Users\phamh\.m2\repository\org\yaml\snakeyaml\2.5\snakeyaml-2.5.jar;C:\Users\phamh\.m2\repository\org\springframework\boot\spring-boot-starter-jdbc\4.0.1\spring-boot-starter-jdbc-4.0.1.jar;C:\Users\phamh\.m2\repository\com\zaxxer\HikariCP\7.0.2\HikariCP-7.0.2.jar;C:\Users\phamh\.m2\repository\org\slf4j\slf4j-api\2.0.17\slf4j-api-2.0.17.jar;C:\Users\phamh\.m2\repository\org\springframework\boot\spring-boot-data-jpa\4.0.1\spring-boot-data-jpa-4.0.1.jar;C:\Users\phamh\.m2\repository\org\springframework\
Launcher Type: SUN_STANDARD

[Global flags]
     intx CICompilerCount                          = 4                                         {product} {ergonomic}
     uint ConcGCThreads                            = 2                                         {product} {ergonomic}
     uint G1ConcRefinementThreads                  = 8                                         {product} {ergonomic}
   size_t G1HeapRegionSize                         = 2097152                                   {product} {ergonomic}
    uintx GCDrainStackTargetSize                   = 64                                        {product} {ergonomic}
   size_t InitialHeapSize                          = 197132288                                 {product} {ergonomic}
     bool ManagementServer                         = true                                      {product} {command line}
   size_t MarkStackSize                            = 4194304                                   {product} {ergonomic}
   size_t MaxHeapSize                              = 3141533696                                {product} {ergonomic}
   size_t MinHeapDeltaBytes                        = 2097152                                   {product} {ergonomic}
   size_t MinHeapSize                              = 8388608                                   {product} {ergonomic}
    uintx NonProfiledCodeHeapSize                  = 0                                      {pd product} {ergonomic}
     bool ProfileInterpreter                       = false                                  {pd product} {command line}
    uintx ProfiledCodeHeapSize                     = 0                                      {pd product} {ergonomic}
   size_t SoftMaxHeapSize                          = 3141533696                             {manageable} {ergonomic}
     intx TieredStopAtLevel                        = 1                                         {product} {command line}
     bool UseCompressedClassPointers               = true                           {product lp64_product} {ergonomic}
     bool UseCompressedOops                        = true                           {product lp64_product} {ergonomic}
     bool UseG1GC                                  = true                                      {product} {ergonomic}
     bool UseLargePagesIndividualAllocation        = false                                  {pd product} {ergonomic}

Logging:
Log output configuration:
 #0: stdout all=warning uptime,level,tags
 #1: stderr all=off uptime,level,tags

Environment Variables:
JAVA_HOME=C:\Program Files\Java\jdk-17
PATH=C:\WINDOWS\system32;C:\WINDOWS;C:\WINDOWS\System32\Wbem;C:\WINDOWS\System32\WindowsPowerShell\v1.0\;C:\WINDOWS\System32\OpenSSH\;C:\Program Files (x86)\Microsoft SQL Server\160\Tools\Binn\;C:\Program Files\Microsoft SQL Server\160\Tools\Binn\;C:\Program Files\Microsoft SQL Server\Client SDK\ODBC\170\Tools\Binn\;C:\Program Files\Microsoft SQL Server\160\DTS\Binn\;C:\Program Files (x86)\Microsoft SQL Server\160\DTS\Binn\;C:\Program Files\Java\jdk-17\bin;C:\MinGW\bin;C:\Program Files\dotnet\;C:\Program Files\Git\cmd;C:\Program Files\Microsoft SQL Server\150\Tools\Binn\;C:\Program Files\Cloudflare\Cloudflare WARP\;C:\Users\phamh\AppData\Local\nvm;C:\nvm4w\nodejs;C:\Android\emulator;C:\Android\cmdline-tools\latest\bin;C:\Android\platform-tools;D:\apache-maven-3.9.11\bin;C:\Program Files\Kotlin\bin;d:\Trae\bin;C:\Users\phamh\AppData\Local\Microsoft\WindowsApps;C:\Program Files\Azure Data Studio\bin;C:\Users\phamh\AppData\Local\Programs\Microsoft VS Code\bin;C:\Users\phamh\.dotnet\tools;D:\IntelliJ IDEA 2024.3.5\bin;D:\IntelliJ IDEA Community Edition 2024.3.5\bin;C:\Users\phamh\AppData\Local\nvm;C:\nvm4w\nodejs;C:\Users\phamh\Downloads\MyfansDownloader-main\MyfansDownloader-main\ffmpeg\ffmpeg-7.1.1-full_build\bin;C:\Users\phamh\AppData\Local\Microsoft\WindowsApps;C:\flutter_windows_3.35.3-stable\flutter\bin;
USERNAME=phamh
OS=Windows_NT
PROCESSOR_IDENTIFIER=Intel64 Family 6 Model 140 Stepping 1, GenuineIntel
TMP=C:\Users\phamh\AppData\Local\Temp
TEMP=C:\Users\phamh\AppData\Local\Temp



Periodic native trim disabled


---------------  S Y S T E M  ---------------

OS:
 Windows 11 , 64 bit Build 26100 (10.0.26100.7309)
OS uptime: 0 days 7:02 hours
Hyper-V role detected

CPU: total 8 (initial active 8) (4 cores per cpu, 2 threads per core) family 6 model 140 stepping 1 microcode 0x86, cx8, cmov, fxsr, ht, mmx, 3dnowpref, sse, sse2, sse3, ssse3, sse4.1, sse4.2, popcnt, lzcnt, tsc, tscinvbit, avx, avx2, aes, erms, clmul, bmi1, bmi2, adx, avx512f, avx512dq, avx512cd, avx512bw, avx512vl, sha, fma, vzeroupper, avx512_vpopcntdq, avx512_vpclmulqdq, avx512_vaes, avx512_vnni, clflush, clflushopt, clwb, avx512_vbmi2, avx512_vbmi, hv
Processor Information for processor 0
  Max Mhz: 2419, Current Mhz: 2419, Mhz Limit: 2419
Processor Information for processor 1
  Max Mhz: 2419, Current Mhz: 2419, Mhz Limit: 2419
Processor Information for processor 2
  Max Mhz: 2419, Current Mhz: 2419, Mhz Limit: 2419
Processor Information for processor 3
  Max Mhz: 2419, Current Mhz: 1209, Mhz Limit: 2419
Processor Information for processor 4
  Max Mhz: 2419, Current Mhz: 2419, Mhz Limit: 2419
Processor Information for processor 5
  Max Mhz: 2419, Current Mhz: 2419, Mhz Limit: 2419
Processor Information for processor 6
  Max Mhz: 2419, Current Mhz: 2419, Mhz Limit: 2419
Processor Information for processor 7
  Max Mhz: 2419, Current Mhz: 2419, Mhz Limit: 2419

Memory: 4k page, system-wide physical 11982M (4146M free)
TotalPageFile size 24270M (AvailPageFile size 60M)
current process WorkingSet (physical memory assigned to process): 12M, peak: 12M
current process commit charge ("private bytes"): 55M, peak: 243M

vm_info: OpenJDK 64-Bit Server VM (17.0.14+7-LTS) for windows-amd64 JRE (17.0.14+7-LTS), built on Jan  7 2025 20:14:24 by "Administrator" with MS VC++ 16.10 / 16.11 (VS2019)

END.
